<?xml version="1.0" encoding="UTF-8"?>
<!-- Generated by org.testng.reporters.JUnitXMLReporter -->
<testsuite ignored="1" hostname="Aish" failures="0" tests="2" name="Practice page test" time="29.082" errors="0" timestamp="2024-03-30T12:05:18 IST">
  <testcase classname="rahulshettyacademy.Tests.PractisePageObject" name="PractisePageObject" time="10.901"/>
  <testcase classname="rahulshettyacademy.Tests.PractisePageObject" name="PractisePageObject" time="8.705"/>
  <testcase classname="rahulshettyacademy.Tests.PractisePageObject" name="OrderHistoryTest" time="0.0">
    <ignored/>
  </testcase> <!-- OrderHistoryTest -->
</testsuite> <!-- Practice page test -->
