-------------------------------------------------------------------------------
Test set: TestSuite
-------------------------------------------------------------------------------
Tests run: 4, Failures: 1, Errors: 0, Skipped: 1, Time elapsed: 26.309 s <<< FAILURE! - in TestSuite
PractisePageObject(rahulshettyacademy.Tests.PractisePageObject)  Time elapsed: 5.425 s  <<< FAILURE!
java.lang.AssertionError: expected [true] but found [false]
	at rahulshettyacademy.Tests.PractisePageObject.PractisePageObject(PractisePageObject.java:47)

